#
# A fatal error has been detected by the Java Runtime Environment:
#
#  SIGBUS (0xa) at pc=0x0000000109395380, pid=86088, tid=84995
#
# JRE version: Java(TM) SE Runtime Environment 18.9 (11.0.11+9) (build 11.0.11+9-LTS-194)
# Java VM: Java HotSpot(TM) 64-Bit Server VM 18.9 (11.0.11+9-LTS-194, mixed mode, tiered, compressed oops, parallel gc, bsd-amd64)
# Problematic frame:
# V  [libjvm.dylib+0x395380]  InterpreterRuntime::throw_ArrayIndexOutOfBoundsException(JavaThread*, arrayOopDesc*, int)+0x86
#
# No core dump will be written. Core dumps have been disabled. To enable core dumping, try "ulimit -c unlimited" before starting Java again
#
# If you would like to submit a bug report, please visit:
#   https://bugreport.java.com/bugreport/crash.jsp
#

---------------  S U M M A R Y ------------

Command Line: --add-modules=ALL-SYSTEM --add-opens=java.base/java.util=ALL-UNNAMED --add-opens=java.base/java.lang=ALL-UNNAMED -Declipse.application=org.eclipse.jdt.ls.core.id1 -Dosgi.bundles.defaultStartLevel=4 -Declipse.product=org.eclipse.jdt.ls.core.product -Dfile.encoding=utf8 -XX:+UseParallelGC -XX:GCTimeRatio=4 -XX:AdaptiveSizePolicyWeight=90 -Dsun.zip.disableMemoryMapping=true -Xmx1G -Xms100m -Xverify:none /Users/justinkwan/.vscode/extensions/redhat.java-0.80.0/server/plugins/org.eclipse.equinox.launcher_1.6.200.v20210416-2027.jar -configuration /Users/justinkwan/Library/Application Support/Code/User/globalStorage/redhat.java/0.80.0/config_ss_mac -data /Users/justinkwan/Library/Application Support/Code/User/workspaceStorage/9cbfda3d3fdc6cd9039e166bcfe816c3/redhat.java/ss_ws

Host: MacBookPro15,2 x86_64 2400 MHz, 8 cores, 8G, Darwin 20.3.0
Time: Mon Jul 12 00:05:55 2021 EDT elapsed time: 20.756667 seconds (0d 0h 0m 20s)

---------------  T H R E A D  ---------------

Current thread (0x00007f9b89987000):  JavaThread "pool-1-thread-1" [_thread_in_vm, id=84995, stack(0x0000700009cf0000,0x0000700009df0000)]

Stack: [0x0000700009cf0000,0x0000700009df0000],  sp=0x0000700009dedfd0,  free space=1015k
Native frames: (J=compiled Java code, A=aot compiled Java code, j=interpreted, Vv=VM code, C=native code)
V  [libjvm.dylib+0x395380]  InterpreterRuntime::throw_ArrayIndexOutOfBoundsException(JavaThread*, arrayOopDesc*, int)+0x86
j  org.eclipse.jdt.internal.compiler.parser.Scanner.getNextToken0()I+93
j  org.eclipse.jdt.internal.compiler.parser.Scanner.getNextToken()I+47
j  org.eclipse.jdt.internal.compiler.parser.Parser.fetchNextToken()I+4
j  org.eclipse.jdt.internal.compiler.parser.Parser.parse()V+329
j  org.eclipse.jdt.internal.compiler.parser.Parser.parse(Lorg/eclipse/jdt/internal/compiler/env/ICompilationUnit;Lorg/eclipse/jdt/internal/compiler/CompilationResult;II)Lorg/eclipse/jdt/internal/compiler/ast/CompilationUnitDeclaration;+178
j  org.eclipse.jdt.internal.compiler.parser.Parser.parse(Lorg/eclipse/jdt/internal/compiler/env/ICompilationUnit;Lorg/eclipse/jdt/internal/compiler/CompilationResult;)Lorg/eclipse/jdt/internal/compiler/ast/CompilationUnitDeclaration;+5
j  org.eclipse.jdt.internal.compiler.SourceElementParser.parseCompilationUnit(Lorg/eclipse/jdt/internal/compiler/env/ICompilationUnit;ZLorg/eclipse/core/runtime/IProgressMonitor;)Lorg/eclipse/jdt/internal/compiler/ast/CompilationUnitDeclaration;+53
j  org.eclipse.jdt.internal.core.CompilationUnit.buildStructure(Lorg/eclipse/jdt/internal/core/OpenableElementInfo;Lorg/eclipse/core/runtime/IProgressMonitor;Ljava/util/Map;Lorg/eclipse/core/resources/IResource;)Z+523
J 2954 c1 org.eclipse.jdt.internal.core.Openable.generateInfos(Ljava/lang/Object;Ljava/util/HashMap;Lorg/eclipse/core/runtime/IProgressMonitor;)V (281 bytes) @ 0x000000011970f484 [0x000000011970eea0+0x00000000000005e4]
J 2949 c1 org.eclipse.jdt.internal.core.JavaElement.openWhenClosed(Ljava/lang/Object;ZLorg/eclipse/core/runtime/IProgressMonitor;)Ljava/lang/Object; (169 bytes) @ 0x00000001197097cc [0x00000001197095c0+0x000000000000020c]
j  org.eclipse.jdt.internal.core.BecomeWorkingCopyOperation.executeOperation()V+29
j  org.eclipse.jdt.internal.core.JavaModelOperation.run(Lorg/eclipse/core/runtime/IProgressMonitor;)V+55
j  org.eclipse.jdt.internal.core.JavaModelOperation.runOperation(Lorg/eclipse/core/runtime/IProgressMonitor;)V+32
j  org.eclipse.jdt.internal.core.CompilationUnit.becomeWorkingCopy(Lorg/eclipse/jdt/core/IProblemRequestor;Lorg/eclipse/core/runtime/IProgressMonitor;)V+37
j  org.eclipse.jdt.internal.core.CompilationUnit.becomeWorkingCopy(Lorg/eclipse/core/runtime/IProgressMonitor;)V+23
j  org.eclipse.jdt.ls.core.internal.handlers.BaseDocumentLifeCycleHandler.handleOpen(Lorg/eclipse/lsp4j/DidOpenTextDocumentParams;)Lorg/eclipse/jdt/core/ICompilationUnit;+144
j  org.eclipse.jdt.ls.core.internal.handlers.BaseDocumentLifeCycleHandler$5.run(Lorg/eclipse/core/runtime/IProgressMonitor;)V+8
j  org.eclipse.core.internal.resources.Workspace.run(Lorg/eclipse/core/runtime/ICoreRunnable;Lorg/eclipse/core/runtime/jobs/ISchedulingRule;ILorg/eclipse/core/runtime/IProgressMonitor;)V+69
j  org.eclipse.core.internal.resources.Workspace.run(Lorg/eclipse/core/resources/IWorkspaceRunnable;Lorg/eclipse/core/runtime/jobs/ISchedulingRule;ILorg/eclipse/core/runtime/IProgressMonitor;)V+6
j  org.eclipse.jdt.ls.core.internal.handlers.BaseDocumentLifeCycleHandler.didOpen(Lorg/eclipse/lsp4j/DidOpenTextDocumentParams;)V+32
j  org.eclipse.jdt.ls.core.internal.syntaxserver.SyntaxLanguageServer.didOpen(Lorg/eclipse/lsp4j/DidOpenTextDocumentParams;)V+11
v  ~StubRoutines::call_stub
V  [libjvm.dylib+0x39bdbf]  JavaCalls::call_helper(JavaValue*, methodHandle const&, JavaCallArguments*, Thread*)+0x21d
V  [libjvm.dylib+0x6a1db1]  invoke(InstanceKlass*, methodHandle const&, Handle, bool, objArrayHandle, BasicType, objArrayHandle, bool, Thread*)+0x4e9
V  [libjvm.dylib+0x6a187e]  Reflection::invoke_method(oopDesc*, Handle, objArrayHandle, Thread*)+0xf4
V  [libjvm.dylib+0x426dde]  JVM_InvokeMethod+0x207
j  jdk.internal.reflect.NativeMethodAccessorImpl.invoke0(Ljava/lang/reflect/Method;Ljava/lang/Object;[Ljava/lang/Object;)Ljava/lang/Object;+0 java.base@11.0.11
j  jdk.internal.reflect.NativeMethodAccessorImpl.invoke(Ljava/lang/Object;[Ljava/lang/Object;)Ljava/lang/Object;+100 java.base@11.0.11
J 935 c1 jdk.internal.reflect.DelegatingMethodAccessorImpl.invoke(Ljava/lang/Object;[Ljava/lang/Object;)Ljava/lang/Object; java.base@11.0.11 (10 bytes) @ 0x00000001192dc7a4 [0x00000001192dc740+0x0000000000000064]
J 934 c1 java.lang.reflect.Method.invoke(Ljava/lang/Object;[Ljava/lang/Object;)Ljava/lang/Object; java.base@11.0.11 (65 bytes) @ 0x00000001192dc38c [0x00000001192dc260+0x000000000000012c]
j  org.eclipse.lsp4j.jsonrpc.services.GenericEndpoint.lambda$null$0(Lorg/eclipse/lsp4j/jsonrpc/services/AnnotationUtil$MethodInfo;Ljava/lang/Object;Ljava/lang/Object;)Ljava/util/concurrent/CompletableFuture;+20
j  org.eclipse.lsp4j.jsonrpc.services.GenericEndpoint$$Lambda$135.apply(Ljava/lang/Object;)Ljava/lang/Object;+13
j  org.eclipse.lsp4j.jsonrpc.services.GenericEndpoint.notify(Ljava/lang/String;Ljava/lang/Object;)V+18
j  org.eclipse.lsp4j.jsonrpc.RemoteEndpoint.handleNotification(Lorg/eclipse/lsp4j/jsonrpc/messages/NotificationMessage;)V+20
j  org.eclipse.lsp4j.jsonrpc.RemoteEndpoint.consume(Lorg/eclipse/lsp4j/jsonrpc/messages/Message;)V+14
j  org.eclipse.jdt.ls.core.internal.ParentProcessWatcher.lambda$0(Lorg/eclipse/lsp4j/jsonrpc/MessageConsumer;Lorg/eclipse/lsp4j/jsonrpc/messages/Message;)V+9
j  org.eclipse.jdt.ls.core.internal.ParentProcessWatcher$$Lambda$131.consume(Lorg/eclipse/lsp4j/jsonrpc/messages/Message;)V+9
j  org.eclipse.lsp4j.jsonrpc.json.StreamMessageProducer.handleMessage(Ljava/io/InputStream;Lorg/eclipse/lsp4j/jsonrpc/json/StreamMessageProducer$Headers;)Z+99
j  org.eclipse.lsp4j.jsonrpc.json.StreamMessageProducer.listen(Lorg/eclipse/lsp4j/jsonrpc/MessageConsumer;)V+158
j  org.eclipse.lsp4j.jsonrpc.json.ConcurrentMessageProcessor.run()V+12
j  java.util.concurrent.Executors$RunnableAdapter.call()Ljava/lang/Object;+4 java.base@11.0.11
j  java.util.concurrent.FutureTask.run()V+39 java.base@11.0.11
j  java.util.concurrent.ThreadPoolExecutor.runWorker(Ljava/util/concurrent/ThreadPoolExecutor$Worker;)V+92 java.base@11.0.11
j  java.util.concurrent.ThreadPoolExecutor$Worker.run()V+5 java.base@11.0.11
j  java.lang.Thread.run()V+11 java.base@11.0.11
v  ~StubRoutines::call_stub
V  [libjvm.dylib+0x39bdbf]  JavaCalls::call_helper(JavaValue*, methodHandle const&, JavaCallArguments*, Thread*)+0x21d
V  [libjvm.dylib+0x39b221]  JavaCalls::call_virtual(JavaValue*, Klass*, Symbol*, Symbol*, JavaCallArguments*, Thread*)+0xe9
V  [libjvm.dylib+0x39b2dc]  JavaCalls::call_virtual(JavaValue*, Handle, Klass*, Symbol*, Symbol*, Thread*)+0x62
V  [libjvm.dylib+0x423294]  thread_entry(JavaThread*, Thread*)+0x78
V  [libjvm.dylib+0x743e9a]  JavaThread::thread_main_inner()+0x82
V  [libjvm.dylib+0x743ceb]  JavaThread::run()+0x173
V  [libjvm.dylib+0x741b32]  Thread::call_run()+0x68
V  [libjvm.dylib+0x646798]  thread_native_entry(Thread*)+0x136
C  [libsystem_pthread.dylib+0x6950]  _pthread_start+0xe0
C  [libsystem_pthread.dylib+0x247b]  thread_start+0xf

Java frames: (J=compiled Java code, j=interpreted, Vv=VM code)
j  org.eclipse.jdt.internal.compiler.parser.Scanner.getNextToken0()I+93
j  org.eclipse.jdt.internal.compiler.parser.Scanner.getNextToken()I+47
j  org.eclipse.jdt.internal.compiler.parser.Parser.fetchNextToken()I+4
j  org.eclipse.jdt.internal.compiler.parser.Parser.parse()V+329
j  org.eclipse.jdt.internal.compiler.parser.Parser.parse(Lorg/eclipse/jdt/internal/compiler/env/ICompilationUnit;Lorg/eclipse/jdt/internal/compiler/CompilationResult;II)Lorg/eclipse/jdt/internal/compiler/ast/CompilationUnitDeclaration;+178
j  org.eclipse.jdt.internal.compiler.parser.Parser.parse(Lorg/eclipse/jdt/internal/compiler/env/ICompilationUnit;Lorg/eclipse/jdt/internal/compiler/CompilationResult;)Lorg/eclipse/jdt/internal/compiler/ast/CompilationUnitDeclaration;+5
j  org.eclipse.jdt.internal.compiler.SourceElementParser.parseCompilationUnit(Lorg/eclipse/jdt/internal/compiler/env/ICompilationUnit;ZLorg/eclipse/core/runtime/IProgressMonitor;)Lorg/eclipse/jdt/internal/compiler/ast/CompilationUnitDeclaration;+53
j  org.eclipse.jdt.internal.core.CompilationUnit.buildStructure(Lorg/eclipse/jdt/internal/core/OpenableElementInfo;Lorg/eclipse/core/runtime/IProgressMonitor;Ljava/util/Map;Lorg/eclipse/core/resources/IResource;)Z+523
J 2954 c1 org.eclipse.jdt.internal.core.Openable.generateInfos(Ljava/lang/Object;Ljava/util/HashMap;Lorg/eclipse/core/runtime/IProgressMonitor;)V (281 bytes) @ 0x000000011970f484 [0x000000011970eea0+0x00000000000005e4]
J 2949 c1 org.eclipse.jdt.internal.core.JavaElement.openWhenClosed(Ljava/lang/Object;ZLorg/eclipse/core/runtime/IProgressMonitor;)Ljava/lang/Object; (169 bytes) @ 0x00000001197097cc [0x00000001197095c0+0x000000000000020c]
j  org.eclipse.jdt.internal.core.BecomeWorkingCopyOperation.executeOperation()V+29
j  org.eclipse.jdt.internal.core.JavaModelOperation.run(Lorg/eclipse/core/runtime/IProgressMonitor;)V+55
j  org.eclipse.jdt.internal.core.JavaModelOperation.runOperation(Lorg/eclipse/core/runtime/IProgressMonitor;)V+32
j  org.eclipse.jdt.internal.core.CompilationUnit.becomeWorkingCopy(Lorg/eclipse/jdt/core/IProblemRequestor;Lorg/eclipse/core/runtime/IProgressMonitor;)V+37
j  org.eclipse.jdt.internal.core.CompilationUnit.becomeWorkingCopy(Lorg/eclipse/core/runtime/IProgressMonitor;)V+23
j  org.eclipse.jdt.ls.core.internal.handlers.BaseDocumentLifeCycleHandler.handleOpen(Lorg/eclipse/lsp4j/DidOpenTextDocumentParams;)Lorg/eclipse/jdt/core/ICompilationUnit;+144
j  org.eclipse.jdt.ls.core.internal.handlers.BaseDocumentLifeCycleHandler$5.run(Lorg/eclipse/core/runtime/IProgressMonitor;)V+8
j  org.eclipse.core.internal.resources.Workspace.run(Lorg/eclipse/core/runtime/ICoreRunnable;Lorg/eclipse/core/runtime/jobs/ISchedulingRule;ILorg/eclipse/core/runtime/IProgressMonitor;)V+69
j  org.eclipse.core.internal.resources.Workspace.run(Lorg/eclipse/core/resources/IWorkspaceRunnable;Lorg/eclipse/core/runtime/jobs/ISchedulingRule;ILorg/eclipse/core/runtime/IProgressMonitor;)V+6
j  org.eclipse.jdt.ls.core.internal.handlers.BaseDocumentLifeCycleHandler.didOpen(Lorg/eclipse/lsp4j/DidOpenTextDocumentParams;)V+32
j  org.eclipse.jdt.ls.core.internal.syntaxserver.SyntaxLanguageServer.didOpen(Lorg/eclipse/lsp4j/DidOpenTextDocumentParams;)V+11
v  ~StubRoutines::call_stub
j  jdk.internal.reflect.NativeMethodAccessorImpl.invoke0(Ljava/lang/reflect/Method;Ljava/lang/Object;[Ljava/lang/Object;)Ljava/lang/Object;+0 java.base@11.0.11
j  jdk.internal.reflect.NativeMethodAccessorImpl.invoke(Ljava/lang/Object;[Ljava/lang/Object;)Ljava/lang/Object;+100 java.base@11.0.11
J 935 c1 jdk.internal.reflect.DelegatingMethodAccessorImpl.invoke(Ljava/lang/Object;[Ljava/lang/Object;)Ljava/lang/Object; java.base@11.0.11 (10 bytes) @ 0x00000001192dc7a4 [0x00000001192dc740+0x0000000000000064]
J 934 c1 java.lang.reflect.Method.invoke(Ljava/lang/Object;[Ljava/lang/Object;)Ljava/lang/Object; java.base@11.0.11 (65 bytes) @ 0x00000001192dc38c [0x00000001192dc260+0x000000000000012c]
j  org.eclipse.lsp4j.jsonrpc.services.GenericEndpoint.lambda$null$0(Lorg/eclipse/lsp4j/jsonrpc/services/AnnotationUtil$MethodInfo;Ljava/lang/Object;Ljava/lang/Object;)Ljava/util/concurrent/CompletableFuture;+20
j  org.eclipse.lsp4j.jsonrpc.services.GenericEndpoint$$Lambda$135.apply(Ljava/lang/Object;)Ljava/lang/Object;+13
j  org.eclipse.lsp4j.jsonrpc.services.GenericEndpoint.notify(Ljava/lang/String;Ljava/lang/Object;)V+18
j  org.eclipse.lsp4j.jsonrpc.RemoteEndpoint.handleNotification(Lorg/eclipse/lsp4j/jsonrpc/messages/NotificationMessage;)V+20
j  org.eclipse.lsp4j.jsonrpc.RemoteEndpoint.consume(Lorg/eclipse/lsp4j/jsonrpc/messages/Message;)V+14
j  org.eclipse.jdt.ls.core.internal.ParentProcessWatcher.lambda$0(Lorg/eclipse/lsp4j/jsonrpc/MessageConsumer;Lorg/eclipse/lsp4j/jsonrpc/messages/Message;)V+9
j  org.eclipse.jdt.ls.core.internal.ParentProcessWatcher$$Lambda$131.consume(Lorg/eclipse/lsp4j/jsonrpc/messages/Message;)V+9
j  org.eclipse.lsp4j.jsonrpc.json.StreamMessageProducer.handleMessage(Ljava/io/InputStream;Lorg/eclipse/lsp4j/jsonrpc/json/StreamMessageProducer$Headers;)Z+99
j  org.eclipse.lsp4j.jsonrpc.json.StreamMessageProducer.listen(Lorg/eclipse/lsp4j/jsonrpc/MessageConsumer;)V+158
j  org.eclipse.lsp4j.jsonrpc.json.ConcurrentMessageProcessor.run()V+12
j  java.util.concurrent.Executors$RunnableAdapter.call()Ljava/lang/Object;+4 java.base@11.0.11
j  java.util.concurrent.FutureTask.run()V+39 java.base@11.0.11
j  java.util.concurrent.ThreadPoolExecutor.runWorker(Ljava/util/concurrent/ThreadPoolExecutor$Worker;)V+92 java.base@11.0.11
j  java.util.concurrent.ThreadPoolExecutor$Worker.run()V+5 java.base@11.0.11
j  java.lang.Thread.run()V+11 java.base@11.0.11
v  ~StubRoutines::call_stub

siginfo: si_signo: 10 (SIGBUS), si_code: 2 (BUS_ADRERR), si_addr: 0x00000007ec9ff394

Register to memory mapping:

RAX=0x000000010998aad1: UseCompressedClassPointers+0 in /Library/Java/JavaVirtualMachines/jdk-11.0.11.jdk/Contents/Home/lib/server/libjvm.dylib at 0x0000000109000000
RBX=0x00007f9b89987000 is a thread
RCX=0x0 is NULL
RDX=0x0000000000000008 is an unknown value
RSP=0x0000700009dedfd0 is pointing into the stack for thread: 0x00007f9b89987000
RBP=0x0000700009dee080 is pointing into the stack for thread: 0x00007f9b89987000
RSI=0x0000000000000100 is an unknown value
RDI=0x00007f9b84abdd00 points into unknown readable memory: 00 00 00 00 00 00 00 20
R8 =0x0 is NULL
R9 =0x000000000000b9d8 is an unknown value
R10=0x00000000ff0001ff is an unknown value
R11=0x0 is NULL
R12=0x0000700009dedfd0 is pointing into the stack for thread: 0x00007f9b89987000
R13=0x00000007ec9ff388 is an unallocated location in the heap
R14=0x0000700009dee028 is pointing into the stack for thread: 0x00007f9b89987000
R15=0x0000000000000ac1 is an unknown value


Registers:
RAX=0x000000010998aad1, RBX=0x00007f9b89987000, RCX=0x0000000000000000, RDX=0x0000000000000008
RSP=0x0000700009dedfd0, RBP=0x0000700009dee080, RSI=0x0000000000000100, RDI=0x00007f9b84abdd00
R8 =0x0000000000000000, R9 =0x000000000000b9d8, R10=0x00000000ff0001ff, R11=0x0000000000000000
R12=0x0000700009dedfd0, R13=0x00000007ec9ff388, R14=0x0000700009dee028, R15=0x0000000000000ac1
RIP=0x0000000109395380, EFLAGS=0x0000000000010202, ERR=0x0000000000000004
  TRAPNO=0x000000000000000e

Top of Stack: (sp=0x0000700009dedfd0)
0x0000700009dedfd0:   00000001099385f8 0000005000000000
0x0000700009dedfe0:   0000000000000000 0000000000000000
0x0000700009dedff0:   0000000000000000 0000000000000000
0x0000700009dee000:   0000000000000000 00007f9b84abdd00
0x0000700009dee010:   0000000000000000 0000000000000100
0x0000700009dee020:   00000007ead5b200 00007f9b84896200
0x0000700009dee030:   00007f9b88e0da00 00007f9b88e0da10
0x0000700009dee040:   00007f9b88e0dde8 00000000000003d8
0x0000700009dee050:   00007f9b89987000 0000000000000ac1
0x0000700009dee060:   0000000000000000 0000000127f4724d
0x0000700009dee070:   0000700009dee160 00007f9b89987000
0x0000700009dee080:   0000700009dee0e0 0000000118be5eb9
0x0000700009dee090:   0000000118be5e71 0000700009dee098
0x0000700009dee0a0:   0000000127f4724d 0000700009dee160
0x0000700009dee0b0:   0000000127f515a0 0000000000000000
0x0000700009dee0c0:   00000007c0bcd898 0000000127f48260
0x0000700009dee0d0:   0000000000000000 0000700009dee160
0x0000700009dee0e0:   0000700009dee1b0 0000000118be1980
0x0000700009dee0f0:   0000000000000000 0000000000000000
0x0000700009dee100:   0000000000000000 0000000000000000
0x0000700009dee110:   0000000000000000 0000000000000000
0x0000700009dee120:   0000000000000000 0000000000000000
0x0000700009dee130:   0000000000000000 0000000000000000
0x0000700009dee140:   0000000000000ac1 0000000000000001
0x0000700009dee150:   0000000000000001 0000000000000abe
0x0000700009dee160:   00000007c17d4d48 0000700009dee168
0x0000700009dee170:   0000000127f470af 0000700009dee1c8
0x0000700009dee180:   0000000127f515a0 0000000000000000
0x0000700009dee190:   00000007c0bcd898 0000000127f47160
0x0000700009dee1a0:   0000700009dee160 0000700009dee1c8
0x0000700009dee1b0:   0000700009dee218 0000000118be1980
0x0000700009dee1c0:   0000000000000000 00000007c17d4d48 

Instructions: (pc=0x0000000109395380)
0x0000000109395360:   50 ff ff ff be 00 01 00 00 4c 89 e7 e8 77 a7 2b
0x0000000109395370:   00 48 8d 05 59 57 5f 00 31 c9 80 38 00 0f 94 c1
0x0000000109395380:   41 8b 4c 8d 0c 48 8d 35 90 cc 43 00 4c 89 e7 44
0x0000000109395390:   89 fa 31 c0 e8 87 a0 2b 00 48 8d 05 40 14 62 00 

Stack slot to memory mapping:
stack at sp + 0 slots: 0x00000001099385f8: _ZTV12stringStream+0x10 in /Library/Java/JavaVirtualMachines/jdk-11.0.11.jdk/Contents/Home/lib/server/libjvm.dylib at 0x0000000109000000
stack at sp + 1 slots: 0x0000005000000000 is an unknown value
stack at sp + 2 slots: 0x0 is NULL
stack at sp + 3 slots: 0x0 is NULL
stack at sp + 4 slots: 0x0 is NULL
stack at sp + 5 slots: 0x0 is NULL
stack at sp + 6 slots: 0x0 is NULL
stack at sp + 7 slots: 0x00007f9b84abdd00 points into unknown readable memory: 00 00 00 00 00 00 00 20


---------------  P R O C E S S  ---------------

Threads class SMR info:
_java_thread_list=0x00007f9b836b4c20, length=20, elements={
0x00007f9b8580d000, 0x00007f9b86808800, 0x00007f9b85810000, 0x00007f9b8601d800,
0x00007f9b8582b800, 0x00007f9b8582c000, 0x00007f9b86020800, 0x00007f9b86841000,
0x00007f9b8383c000, 0x00007f9b8987c000, 0x00007f9b898c1800, 0x00007f9b8912b800,
0x00007f9b85856000, 0x00007f9b8911c000, 0x00007f9b89916000, 0x00007f9b8903c800,
0x00007f9b85114800, 0x00007f9b859d0800, 0x00007f9b89987000, 0x00007f9b86081800
}

Java Threads: ( => current thread )
  0x00007f9b8580d000 JavaThread "main" [_thread_blocked, id=6147, stack(0x0000700007eec000,0x0000700007fec000)]
  0x00007f9b86808800 JavaThread "Reference Handler" daemon [_thread_blocked, id=12547, stack(0x00007000081f5000,0x00007000082f5000)]
  0x00007f9b85810000 JavaThread "Finalizer" daemon [_thread_blocked, id=12803, stack(0x00007000082f8000,0x00007000083f8000)]
  0x00007f9b8601d800 JavaThread "Signal Dispatcher" daemon [_thread_blocked, id=17667, stack(0x0000700008584000,0x0000700008684000)]
  0x00007f9b8582b800 JavaThread "C2 CompilerThread0" daemon [_thread_blocked, id=15363, stack(0x0000700008687000,0x0000700008787000)]
  0x00007f9b8582c000 JavaThread "C1 CompilerThread0" daemon [_thread_blocked, id=16899, stack(0x000070000878a000,0x000070000888a000)]
  0x00007f9b86020800 JavaThread "Sweeper thread" daemon [_thread_blocked, id=16131, stack(0x000070000888d000,0x000070000898d000)]
  0x00007f9b86841000 JavaThread "Common-Cleaner" daemon [_thread_blocked, id=43267, stack(0x0000700008990000,0x0000700008a90000)]
  0x00007f9b8383c000 JavaThread "Service Thread" daemon [_thread_blocked, id=42755, stack(0x0000700008a93000,0x0000700008b93000)]
  0x00007f9b8987c000 JavaThread "process reaper" daemon [_thread_blocked, id=22531, stack(0x0000700008c99000,0x0000700008cbd000)]
  0x00007f9b898c1800 JavaThread "Active Thread: Equinox Container: 5efa9c1f-b267-42d3-9039-cdbeb0faa3d4" [_thread_blocked, id=23043, stack(0x0000700008cc0000,0x0000700008dc0000)]
  0x00007f9b8912b800 JavaThread "Framework Event Dispatcher: Equinox Container: 5efa9c1f-b267-42d3-9039-cdbeb0faa3d4" daemon [_thread_blocked, id=23299, stack(0x0000700008dc3000,0x0000700008ec3000)]
  0x00007f9b85856000 JavaThread "Start Level: Equinox Container: 5efa9c1f-b267-42d3-9039-cdbeb0faa3d4" daemon [_thread_blocked, id=23811, stack(0x0000700008ec6000,0x0000700008fc6000)]
  0x00007f9b8911c000 JavaThread "SCR Component Actor" daemon [_thread_blocked, id=38403, stack(0x0000700008fc9000,0x00007000090c9000)]
  0x00007f9b89916000 JavaThread "Worker-JM" [_thread_blocked, id=44291, stack(0x00007000094d8000,0x00007000095d8000)]
  0x00007f9b8903c800 JavaThread "Worker-0" [_thread_blocked, id=86275, stack(0x00007000095db000,0x00007000096db000)]
  0x00007f9b85114800 JavaThread "Worker-1" [_thread_blocked, id=85507, stack(0x0000700009aea000,0x0000700009bea000)]
  0x00007f9b859d0800 JavaThread "pool-2-thread-1" [_thread_blocked, id=47623, stack(0x0000700009bed000,0x0000700009ced000)]
=>0x00007f9b89987000 JavaThread "pool-1-thread-1" [_thread_in_vm, id=84995, stack(0x0000700009cf0000,0x0000700009df0000)]
  0x00007f9b86081800 JavaThread "Worker-2" [_thread_blocked, id=86539, stack(0x00007000093d5000,0x00007000094d5000)]

Other Threads:
  0x00007f9b8383b800 VMThread "VM Thread" [stack: 0x00007000080f2000,0x00007000081f2000] [id=11779]
  0x00007f9b84012800 WatcherThread [stack: 0x0000700008b96000,0x0000700008c96000] [id=42243]
  0x00007f9b8580f000 GCTaskThread "ParGC Thread#0" [stack: 0x0000700007fef000,0x00007000080ef000] [id=21507]
  0x00007f9b8991e000 GCTaskThread "ParGC Thread#1" [stack: 0x00007000090cc000,0x00007000091cc000] [id=37891]
  0x00007f9b83940800 GCTaskThread "ParGC Thread#2" [stack: 0x00007000091cf000,0x00007000092cf000] [id=37635]
  0x00007f9b86853000 GCTaskThread "ParGC Thread#3" [stack: 0x00007000092d2000,0x00007000093d2000] [id=27395]
  0x00007f9b8380c000 GCTaskThread "ParGC Thread#4" [stack: 0x00007000096de000,0x00007000097de000] [id=45315]
  0x00007f9b83911800 GCTaskThread "ParGC Thread#5" [stack: 0x00007000097e1000,0x00007000098e1000] [id=86019]
  0x00007f9b84067800 GCTaskThread "ParGC Thread#6" [stack: 0x00007000098e4000,0x00007000099e4000] [id=46083]
  0x00007f9b860ec000 GCTaskThread "ParGC Thread#7" [stack: 0x00007000099e7000,0x0000700009ae7000] [id=46595]

Threads with active compile tasks:

VM state:not at safepoint (normal execution)

VM Mutex/Monitor currently owned by a thread: None

Heap address: 0x00000007c0000000, size: 1024 MB, Compressed Oops mode: Zero based, Oop shift amount: 3
Narrow klass base: 0x0000000800000000, Narrow klass shift: 0
Compressed class space size: 1073741824 Address: 0x0000000800000000

Heap:
 PSYoungGen      total 23552K, used 0K [0x00000007eab00000, 0x00000007ec980000, 0x0000000800000000)
  eden space 22528K, 0% used [0x00000007eab00000,0x00000007eab00000,0x00000007ec100000)
  from space 1024K, 0% used [0x00000007ec380000,0x00000007ec380000,0x00000007ec480000)
  to   space 2560K, 0% used [0x00000007ec700000,0x00000007ec700000,0x00000007ec980000)
 ParOldGen       total 68608K, used 24742K [0x00000007c0000000, 0x00000007c4300000, 0x00000007eab00000)
  object space 68608K, 36% used [0x00000007c0000000,0x00000007c1829960,0x00000007c4300000)
 Metaspace       used 33307K, capacity 35180K, committed 35328K, reserved 1081344K
  class space    used 3174K, capacity 3839K, committed 3840K, reserved 1048576K

Card table byte_map: [0x0000000109ea6000,0x000000010a0a7000] _byte_map_base: 0x00000001060a6000

Marking Bits: (ParMarkBitMap*) 0x000000010999dc10
 Begin Bits: [0x000000010a1fd000, 0x000000010b1fd000)
 End Bits:   [0x000000010b1fd000, 0x000000010c1fd000)

Polling page: 0x0000000104ead000

Metaspace:

Usage:
  Non-class:     30.61 MB capacity,    29.43 MB ( 96%) used,     1.11 MB (  4%) free+waste,    68.44 KB ( <1%) overhead. 
      Class:      3.75 MB capacity,     3.10 MB ( 83%) used,   632.09 KB ( 16%) free+waste,    32.56 KB ( <1%) overhead. 
       Both:     34.36 MB capacity,    32.53 MB ( 95%) used,     1.73 MB (  5%) free+waste,   101.00 KB ( <1%) overhead. 

Virtual space:
  Non-class space:       32.00 MB reserved,      30.75 MB ( 96%) committed 
      Class space:        1.00 GB reserved,       3.75 MB ( <1%) committed 
             Both:        1.03 GB reserved,      34.50 MB (  3%) committed 

Chunk freelists:
   Non-Class:  14.38 KB
       Class:  128 bytes
        Both:  14.50 KB

CodeHeap 'non-profiled nmethods': size=120032Kb used=1031Kb max_used=1031Kb free=119000Kb
 bounds [0x00000001206a0000, 0x0000000120910000, 0x0000000127bd8000]
CodeHeap 'profiled nmethods': size=120028Kb used=6451Kb max_used=6451Kb free=113576Kb
 bounds [0x0000000119169000, 0x00000001197b9000, 0x00000001206a0000]
CodeHeap 'non-nmethods': size=5700Kb used=1180Kb max_used=1212Kb free=4519Kb
 bounds [0x0000000118bd8000, 0x0000000118e48000, 0x0000000119169000]
 total_blobs=3626 nmethods=3085 adapters=454
 compilation: enabled
              stopped_count=0, restarted_count=0
 full_count=0

Compilation events (10 events):
Event: 20.114 Thread 0x00007f9b8582c000 3210 %     3       org.eclipse.jdt.internal.compiler.parser.Parser::computeReverseTable @ 17 (92 bytes)
Event: 20.115 Thread 0x00007f9b8582c000 nmethod 3210% 0x00000001197a5410 code [0x00000001197a5600, 0x00000001197a5bd0]
Event: 20.115 Thread 0x00007f9b8582c000 3211   !   3       org.eclipse.jdt.internal.compiler.parser.Parser::readTable (145 bytes)
Event: 20.117 Thread 0x00007f9b8582c000 nmethod 3211 0x00000001197a5e90 code [0x00000001197a6220, 0x00000001197a7ae0]
Event: 20.184 Thread 0x00007f9b8582b800 nmethod 3208% 0x00000001207a0910 code [0x00000001207a0ae0, 0x00000001207a17d8]
Event: 20.190 Thread 0x00007f9b8582c000 3212       3       org.eclipse.jdt.internal.compiler.parser.Parser::tAction (35 bytes)
Event: 20.190 Thread 0x00007f9b8582c000 nmethod 3212 0x00000001197a8410 code [0x00000001197a85c0, 0x00000001197a8790]
Event: 20.190 Thread 0x00007f9b8582c000 3213       3       org.eclipse.jdt.internal.compiler.parser.Parser::actFromTokenOrSynthetic (9 bytes)
Event: 20.191 Thread 0x00007f9b8582c000 nmethod 3213 0x00000001197a8910 code [0x00000001197a8ac0, 0x00000001197a8d10]
Event: 20.745 Thread 0x00007f9b8582c000 3216       3       org.eclipse.jdt.internal.compiler.parser.Scanner::internalScanIdentifierOrKeyword (4733 bytes)

GC Heap History (10 events):
Event: 13.605 GC heap before
{Heap before GC invocations=9 (full 1):
 PSYoungGen      total 30720K, used 30700K [0x00000007eab00000, 0x00000007ed480000, 0x0000000800000000)
  eden space 24064K, 100% used [0x00000007eab00000,0x00000007ec280000,0x00000007ec280000)
  from space 6656K, 99% used [0x00000007ec380000,0x00000007ec9fb050,0x00000007eca00000)
  to   space 9216K, 0% used [0x00000007ecb80000,0x00000007ecb80000,0x00000007ed480000)
 ParOldGen       total 68608K, used 10815K [0x00000007c0000000, 0x00000007c4300000, 0x00000007eab00000)
  object space 68608K, 15% used [0x00000007c0000000,0x00000007c0a8fce0,0x00000007c4300000)
 Metaspace       used 30810K, capacity 32785K, committed 33152K, reserved 1079296K
  class space    used 2968K, capacity 3663K, committed 3712K, reserved 1048576K
}
Event: 13.610 GC heap after
{Heap after GC invocations=9 (full 1):
 PSYoungGen      total 30208K, used 6611K [0x00000007eab00000, 0x00000007ed200000, 0x0000000800000000)
  eden space 23552K, 0% used [0x00000007eab00000,0x00000007eab00000,0x00000007ec200000)
  from space 6656K, 99% used [0x00000007ecb80000,0x00000007ed1f4ea8,0x00000007ed200000)
  to   space 7680K, 0% used [0x00000007ec300000,0x00000007ec300000,0x00000007eca80000)
 ParOldGen       total 68608K, used 13207K [0x00000007c0000000, 0x00000007c4300000, 0x00000007eab00000)
  object space 68608K, 19% used [0x00000007c0000000,0x00000007c0ce5f28,0x00000007c4300000)
 Metaspace       used 30810K, capacity 32785K, committed 33152K, reserved 1079296K
  class space    used 2968K, capacity 3663K, committed 3712K, reserved 1048576K
}
Event: 14.011 GC heap before
{Heap before GC invocations=10 (full 1):
 PSYoungGen      total 30208K, used 30163K [0x00000007eab00000, 0x00000007ed200000, 0x0000000800000000)
  eden space 23552K, 100% used [0x00000007eab00000,0x00000007ec200000,0x00000007ec200000)
  from space 6656K, 99% used [0x00000007ecb80000,0x00000007ed1f4ea8,0x00000007ed200000)
  to   space 7680K, 0% used [0x00000007ec300000,0x00000007ec300000,0x00000007eca80000)
 ParOldGen       total 68608K, used 13207K [0x00000007c0000000, 0x00000007c4300000, 0x00000007eab00000)
  object space 68608K, 19% used [0x00000007c0000000,0x00000007c0ce5f28,0x00000007c4300000)
 Metaspace       used 30810K, capacity 32785K, committed 33152K, reserved 1079296K
  class space    used 2968K, capacity 3663K, committed 3712K, reserved 1048576K
}
Event: 14.027 GC heap after
{Heap after GC invocations=10 (full 1):
 PSYoungGen      total 29184K, used 5792K [0x00000007eab00000, 0x00000007ece80000, 0x0000000800000000)
  eden space 23040K, 0% used [0x00000007eab00000,0x00000007eab00000,0x00000007ec180000)
  from space 6144K, 94% used [0x00000007ec300000,0x00000007ec8a8010,0x00000007ec900000)
  to   space 5632K, 0% used [0x00000007ec900000,0x00000007ec900000,0x00000007ece80000)
 ParOldGen       total 68608K, used 16035K [0x00000007c0000000, 0x00000007c4300000, 0x00000007eab00000)
  object space 68608K, 23% used [0x00000007c0000000,0x00000007c0fa8dc0,0x00000007c4300000)
 Metaspace       used 30810K, capacity 32785K, committed 33152K, reserved 1079296K
  class space    used 2968K, capacity 3663K, committed 3712K, reserved 1048576K
}
Event: 19.701 GC heap before
{Heap before GC invocations=11 (full 1):
 PSYoungGen      total 29184K, used 28832K [0x00000007eab00000, 0x00000007ece80000, 0x0000000800000000)
  eden space 23040K, 100% used [0x00000007eab00000,0x00000007ec180000,0x00000007ec180000)
  from space 6144K, 94% used [0x00000007ec300000,0x00000007ec8a8010,0x00000007ec900000)
  to   space 5632K, 0% used [0x00000007ec900000,0x00000007ec900000,0x00000007ece80000)
 ParOldGen       total 68608K, used 16035K [0x00000007c0000000, 0x00000007c4300000, 0x00000007eab00000)
  object space 68608K, 23% used [0x00000007c0000000,0x00000007c0fa8dc0,0x00000007c4300000)
 Metaspace       used 31831K, capacity 33708K, committed 33920K, reserved 1079296K
  class space    used 3059K, capacity 3711K, committed 3712K, reserved 1048576K
}
Event: 19.718 GC heap after
{Heap after GC invocations=11 (full 1):
 PSYoungGen      total 28160K, used 5284K [0x00000007eab00000, 0x00000007ece80000, 0x0000000800000000)
  eden space 22528K, 0% used [0x00000007eab00000,0x00000007eab00000,0x00000007ec100000)
  from space 5632K, 93% used [0x00000007ec900000,0x00000007ece293d0,0x00000007ece80000)
  to   space 5632K, 0% used [0x00000007ec380000,0x00000007ec380000,0x00000007ec900000)
 ParOldGen       total 68608K, used 19729K [0x00000007c0000000, 0x00000007c4300000, 0x00000007eab00000)
  object space 68608K, 28% used [0x00000007c0000000,0x00000007c13447f8,0x00000007c4300000)
 Metaspace       used 31831K, capacity 33708K, committed 33920K, reserved 1079296K
  class space    used 3059K, capacity 3711K, committed 3712K, reserved 1048576K
}
Event: 20.193 GC heap before
{Heap before GC invocations=12 (full 1):
 PSYoungGen      total 28160K, used 9090K [0x00000007eab00000, 0x00000007ece80000, 0x0000000800000000)
  eden space 22528K, 16% used [0x00000007eab00000,0x00000007eaeb77e8,0x00000007ec100000)
  from space 5632K, 93% used [0x00000007ec900000,0x00000007ece293d0,0x00000007ece80000)
  to   space 5632K, 0% used [0x00000007ec380000,0x00000007ec380000,0x00000007ec900000)
 ParOldGen       total 68608K, used 19729K [0x00000007c0000000, 0x00000007c4300000, 0x00000007eab00000)
  object space 68608K, 28% used [0x00000007c0000000,0x00000007c13447f8,0x00000007c4300000)
 Metaspace       used 33307K, capacity 35180K, committed 35328K, reserved 1081344K
  class space    used 3174K, capacity 3839K, committed 3840K, reserved 1048576K
}
Event: 20.199 GC heap after
{Heap after GC invocations=12 (full 1):
 PSYoungGen      total 23552K, used 549K [0x00000007eab00000, 0x00000007ec980000, 0x0000000800000000)
  eden space 22528K, 0% used [0x00000007eab00000,0x00000007eab00000,0x00000007ec100000)
  from space 1024K, 53% used [0x00000007ec380000,0x00000007ec409450,0x00000007ec480000)
  to   space 2560K, 0% used [0x00000007ec700000,0x00000007ec700000,0x00000007ec980000)
 ParOldGen       total 68608K, used 24867K [0x00000007c0000000, 0x00000007c4300000, 0x00000007eab00000)
  object space 68608K, 36% used [0x00000007c0000000,0x00000007c1848df0,0x00000007c4300000)
 Metaspace       used 33307K, capacity 35180K, committed 35328K, reserved 1081344K
  class space    used 3174K, capacity 3839K, committed 3840K, reserved 1048576K
}
Event: 20.199 GC heap before
{Heap before GC invocations=13 (full 2):
 PSYoungGen      total 23552K, used 549K [0x00000007eab00000, 0x00000007ec980000, 0x0000000800000000)
  eden space 22528K, 0% used [0x00000007eab00000,0x00000007eab00000,0x00000007ec100000)
  from space 1024K, 53% used [0x00000007ec380000,0x00000007ec409450,0x00000007ec480000)
  to   space 2560K, 0% used [0x00000007ec700000,0x00000007ec700000,0x00000007ec980000)
 ParOldGen       total 68608K, used 24867K [0x00000007c0000000, 0x00000007c4300000, 0x00000007eab00000)
  object space 68608K, 36% used [0x00000007c0000000,0x00000007c1848df0,0x00000007c4300000)
 Metaspace       used 33307K, capacity 35180K, committed 35328K, reserved 1081344K
  class space    used 3174K, capacity 3839K, committed 3840K, reserved 1048576K
}
Event: 20.745 GC heap after
{Heap after GC invocations=13 (full 2):
 PSYoungGen      total 23552K, used 0K [0x00000007eab00000, 0x00000007ec980000, 0x0000000800000000)
  eden space 22528K, 0% used [0x00000007eab00000,0x00000007eab00000,0x00000007ec100000)
  from space 1024K, 0% used [0x00000007ec380000,0x00000007ec380000,0x00000007ec480000)
  to   space 2560K, 0% used [0x00000007ec700000,0x00000007ec700000,0x00000007ec980000)
 ParOldGen       total 68608K, used 24742K [0x00000007c0000000, 0x00000007c4300000, 0x00000007eab00000)
  object space 68608K, 36% used [0x00000007c0000000,0x00000007c1829960,0x00000007c4300000)
 Metaspace       used 33307K, capacity 35180K, committed 35328K, reserved 1081344K
  class space    used 3174K, capacity 3839K, committed 3840K, reserved 1048576K
}

Deoptimization events (10 events):
Event: 19.342 Thread 0x00007f9b89987000 Uncommon trap: reason=predicate action=maybe_recompile pc=0x0000000120733fac method=java.util.TreeMap.put(Ljava/lang/Object;Ljava/lang/Object;)Ljava/lang/Object; @ 55 c2
Event: 19.624 Thread 0x00007f9b89987000 Uncommon trap: reason=profile_predicate action=maybe_recompile pc=0x00000001207869e0 method=java.util.TreeMap.getEntryUsingComparator(Ljava/lang/Object;)Ljava/util/TreeMap$Entry; @ 19 c2
Event: 19.624 Thread 0x00007f9b89987000 Uncommon trap: reason=profile_predicate action=maybe_recompile pc=0x00000001207869e0 method=java.util.TreeMap.getEntryUsingComparator(Ljava/lang/Object;)Ljava/util/TreeMap$Entry; @ 19 c2
Event: 19.624 Thread 0x00007f9b89987000 Uncommon trap: reason=profile_predicate action=maybe_recompile pc=0x00000001207869e0 method=java.util.TreeMap.getEntryUsingComparator(Ljava/lang/Object;)Ljava/util/TreeMap$Entry; @ 19 c2
Event: 19.625 Thread 0x00007f9b89987000 Uncommon trap: reason=profile_predicate action=maybe_recompile pc=0x00000001207869e0 method=java.util.TreeMap.getEntryUsingComparator(Ljava/lang/Object;)Ljava/util/TreeMap$Entry; @ 19 c2
Event: 19.675 Thread 0x00007f9b89987000 Uncommon trap: reason=bimorphic_or_optimized_type_check action=maybe_recompile pc=0x0000000120746b5c method=java.io.DataOutputStream.write([BII)V @ 7 c2
Event: 19.675 Thread 0x00007f9b89987000 Uncommon trap: reason=bimorphic_or_optimized_type_check action=maybe_recompile pc=0x0000000120784a9c method=java.io.DataOutputStream.writeShort(I)V @ 12 c2
Event: 19.675 Thread 0x00007f9b89987000 Uncommon trap: reason=bimorphic_or_optimized_type_check action=maybe_recompile pc=0x0000000120746b5c method=java.io.DataOutputStream.write([BII)V @ 7 c2
Event: 19.675 Thread 0x00007f9b89987000 Uncommon trap: reason=bimorphic_or_optimized_type_check action=maybe_recompile pc=0x0000000120746b5c method=java.io.DataOutputStream.write([BII)V @ 7 c2
Event: 19.675 Thread 0x00007f9b89987000 Uncommon trap: reason=bimorphic_or_optimized_type_check action=maybe_recompile pc=0x0000000120746b5c method=java.io.DataOutputStream.write([BII)V @ 7 c2

Classes redefined (0 events):
No events

Internal exceptions (10 events):
Event: 19.345 Thread 0x00007f9b89987000 Exception <a 'sun/nio/fs/UnixException'{0x00000007ebf37228}> (0x00000007ebf37228) thrown at [./open/src/hotspot/share/prims/jni.cpp, line 611]
Event: 19.346 Thread 0x00007f9b89987000 Exception <a 'sun/nio/fs/UnixException'{0x00000007ebf3cb38}> (0x00000007ebf3cb38) thrown at [./open/src/hotspot/share/prims/jni.cpp, line 611]
Event: 19.347 Thread 0x00007f9b89987000 Exception <a 'java/io/FileNotFoundException'{0x00000007ebf40c10}> (0x00000007ebf40c10) thrown at [./open/src/hotspot/share/prims/jni.cpp, line 611]
Event: 19.352 Thread 0x00007f9b89987000 Exception <a 'java/io/FileNotFoundException'{0x00000007ebf55e98}> (0x00000007ebf55e98) thrown at [./open/src/hotspot/share/prims/jni.cpp, line 611]
Event: 19.356 Thread 0x00007f9b89987000 Exception <a 'java/io/FileNotFoundException'{0x00000007ebf602e8}> (0x00000007ebf602e8) thrown at [./open/src/hotspot/share/prims/jni.cpp, line 611]
Event: 19.357 Thread 0x00007f9b89987000 Exception <a 'sun/nio/fs/UnixException'{0x00000007ebf65e80}> (0x00000007ebf65e80) thrown at [./open/src/hotspot/share/prims/jni.cpp, line 611]
Event: 19.364 Thread 0x00007f9b89987000 Exception <a 'sun/nio/fs/UnixException'{0x00000007ebf7acb8}> (0x00000007ebf7acb8) thrown at [./open/src/hotspot/share/prims/jni.cpp, line 611]
Event: 19.369 Thread 0x00007f9b89987000 Exception <a 'sun/nio/fs/UnixException'{0x00000007ebf86888}> (0x00000007ebf86888) thrown at [./open/src/hotspot/share/prims/jni.cpp, line 611]
Event: 19.527 Thread 0x00007f9b89987000 Exception <a 'sun/nio/fs/UnixException'{0x00000007ec00f418}> (0x00000007ec00f418) thrown at [./open/src/hotspot/share/prims/jni.cpp, line 611]
Event: 19.625 Thread 0x00007f9b89987000 Exception <a 'sun/nio/fs/UnixException'{0x00000007ec024c48}> (0x00000007ec024c48) thrown at [./open/src/hotspot/share/prims/jni.cpp, line 611]

Events (10 events):
Event: 19.718 Thread 0x00007f9b89987000 DEOPT UNPACKING pc=0x0000000118bfda4a sp=0x0000700009decee8 mode 0
Event: 19.719 loading class org/eclipse/jdt/internal/compiler/problem/messages_en
Event: 19.719 loading class org/eclipse/jdt/internal/compiler/problem/messages_en done
Event: 19.720 loading class org/eclipse/jdt/internal/compiler/problem/messages_en_CA
Event: 19.720 loading class org/eclipse/jdt/internal/compiler/problem/messages_en_CA done
Event: 20.104 Thread 0x00007f9b8406c800 Thread exited: 0x00007f9b8406c800
Event: 20.180 Executing VM operation: Deoptimize
Event: 20.181 Executing VM operation: Deoptimize done
Event: 20.193 Executing VM operation: CollectForMetadataAllocation
Event: 20.745 Executing VM operation: CollectForMetadataAllocation done


Dynamic libraries:
0x00007fff351de000 	/System/Library/Frameworks/Cocoa.framework/Versions/A/Cocoa
0x00007fff22403000 	/System/Library/Frameworks/Security.framework/Versions/A/Security
0x00007fff333db000 	/System/Library/Frameworks/ApplicationServices.framework/Versions/A/ApplicationServices
0x00007fff2a68c000 	/usr/lib/libz.1.dylib
0x0000000104e38000 	/Library/Java/JavaVirtualMachines/jdk-11.0.11.jdk/Contents/Home/lib/jli/libjli.dylib
0x00007fff2a754000 	/usr/lib/libSystem.B.dylib
0x00007fff22e2a000 	/System/Library/Frameworks/AppKit.framework/Versions/C/AppKit
0x00007fff25cc2000 	/System/Library/Frameworks/CoreData.framework/Versions/A/CoreData
0x00007fff21376000 	/System/Library/Frameworks/Foundation.framework/Versions/C/Foundation
0x00007fff23b8d000 	/System/Library/PrivateFrameworks/UIFoundation.framework/Versions/A/UIFoundation
0x00007fff2fdba000 	/System/Library/PrivateFrameworks/RemoteViewServices.framework/Versions/A/RemoteViewServices
0x00007fff28bb3000 	/System/Library/PrivateFrameworks/XCTTargetBootstrap.framework/Versions/A/XCTTargetBootstrap
0x00007fff2b894000 	/usr/lib/libspindump.dylib
0x00007fff23de2000 	/System/Library/Frameworks/UniformTypeIdentifiers.framework/Versions/A/UniformTypeIdentifiers
0x00007fff27389000 	/usr/lib/libapp_launch_measurement.dylib
0x00007fff2738c000 	/System/Library/PrivateFrameworks/CoreAutoLayout.framework/Versions/A/CoreAutoLayout
0x00007fff28515000 	/System/Library/Frameworks/Metal.framework/Versions/A/Metal
0x00007fff29205000 	/usr/lib/liblangid.dylib
0x00007fff28bb7000 	/System/Library/PrivateFrameworks/CoreSVG.framework/Versions/A/CoreSVG
0x00007fff24dc9000 	/System/Library/PrivateFrameworks/SkyLight.framework/Versions/A/SkyLight
0x00007fff25130000 	/System/Library/Frameworks/CoreGraphics.framework/Versions/A/CoreGraphics
0x00007fff30411000 	/System/Library/Frameworks/Accelerate.framework/Versions/A/Accelerate
0x00007fff2b2cf000 	/System/Library/PrivateFrameworks/IconServices.framework/Versions/A/IconServices
0x00007fff284fa000 	/System/Library/Frameworks/IOSurface.framework/Versions/A/IOSurface
0x00007fff2664b000 	/usr/lib/libDiagnosticMessagesClient.dylib
0x00007fff28b9f000 	/System/Library/PrivateFrameworks/DFRFoundation.framework/Versions/A/DFRFoundation
0x00007fff22755000 	/usr/lib/libicucore.A.dylib
0x00007fff2cddb000 	/System/Library/Frameworks/AudioToolbox.framework/Versions/A/AudioToolbox
0x00007fff2c080000 	/System/Library/PrivateFrameworks/DataDetectorsCore.framework/Versions/A/DataDetectorsCore
0x00007fff2889f000 	/System/Library/Frameworks/Carbon.framework/Versions/A/Frameworks/HIToolbox.framework/Versions/A/HIToolbox
0x00007fff26de4000 	/System/Library/Frameworks/QuartzCore.framework/Versions/A/QuartzCore
0x00007fff2fdf6000 	/System/Library/Frameworks/Carbon.framework/Versions/A/Frameworks/SpeechRecognition.framework/Versions/A/SpeechRecognition
0x00007fff270f1000 	/System/Library/PrivateFrameworks/CoreUI.framework/Versions/A/CoreUI
0x00007fff21d5e000 	/System/Library/Frameworks/CoreAudio.framework/Versions/A/CoreAudio
0x00007fff26736000 	/System/Library/Frameworks/DiskArbitration.framework/Versions/A/DiskArbitration
0x00007fff2bc8f000 	/System/Library/PrivateFrameworks/MultitouchSupport.framework/Versions/A/MultitouchSupport
0x00007fff2c077000 	/System/Library/PrivateFrameworks/InternationalSupport.framework/Versions/A/InternationalSupport
0x00007fff24d3d000 	/usr/lib/libenergytrace.dylib
0x00007fff22d23000 	/System/Library/Frameworks/IOKit.framework/Versions/A/IOKit
0x00007fff30143000 	/System/Library/Frameworks/CoreServices.framework/Versions/A/CoreServices
0x00007fff2731f000 	/System/Library/PrivateFrameworks/PerformanceAnalysis.framework/Versions/A/PerformanceAnalysis
0x00007fff6caad000 	/System/Library/Frameworks/OpenGL.framework/Versions/A/OpenGL
0x00007fff2c0fc000 	/System/Library/PrivateFrameworks/UserActivity.framework/Versions/A/UserActivity
0x00007fff203e9000 	/usr/lib/libobjc.A.dylib
0x00007fff257c4000 	/System/Library/Frameworks/ColorSync.framework/Versions/A/ColorSync
0x00007fff205c9000 	/System/Library/Frameworks/CoreFoundation.framework/Versions/A/CoreFoundation
0x00007fff28e1c000 	/System/Library/Frameworks/CoreImage.framework/Versions/A/CoreImage
0x00007fff21b75000 	/System/Library/Frameworks/CoreText.framework/Versions/A/CoreText
0x00007fff28be1000 	/System/Library/Frameworks/ImageIO.framework/Versions/A/ImageIO
0x00007fff2a75a000 	/System/Library/PrivateFrameworks/SoftLinking.framework/Versions/A/SoftLinking
0x00007fff273d5000 	/usr/lib/libxml2.2.dylib
0x00007fff204ae000 	/usr/lib/libc++.1.dylib
0x00007fff2a9cc000 	/usr/lib/libcompression.dylib
0x00007fff24d3e000 	/usr/lib/libMobileGestalt.dylib
0x00007fff2bfaa000 	/System/Library/PrivateFrameworks/TextureIO.framework/Versions/A/TextureIO
0x00007fff2aff2000 	/usr/lib/libate.dylib
0x00007fff2a74e000 	/usr/lib/system/libcache.dylib
0x00007fff2a70a000 	/usr/lib/system/libcommonCrypto.dylib
0x00007fff2a734000 	/usr/lib/system/libcompiler_rt.dylib
0x00007fff2a729000 	/usr/lib/system/libcopyfile.dylib
0x00007fff202d7000 	/usr/lib/system/libcorecrypto.dylib
0x00007fff203a4000 	/usr/lib/system/libdispatch.dylib
0x00007fff20558000 	/usr/lib/system/libdyld.dylib
0x00007fff2a745000 	/usr/lib/system/libkeymgr.dylib
0x00007fff2db8d000 	/usr/lib/system/liblaunch.dylib
0x00007fff2a6e8000 	/usr/lib/system/libmacho.dylib
0x00007fff29f02000 	/usr/lib/system/libquarantine.dylib
0x00007fff2a742000 	/usr/lib/system/libremovefile.dylib
0x00007fff24d9a000 	/usr/lib/system/libsystem_asl.dylib
0x00007fff20287000 	/usr/lib/system/libsystem_blocks.dylib
0x00007fff20425000 	/usr/lib/system/libsystem_c.dylib
0x00007fff2a73c000 	/usr/lib/system/libsystem_collections.dylib
0x00007fff291f6000 	/usr/lib/system/libsystem_configuration.dylib
0x00007fff284e9000 	/usr/lib/system/libsystem_containermanager.dylib
0x00007fff2a484000 	/usr/lib/system/libsystem_coreservices.dylib
0x00007fff229b7000 	/usr/lib/system/libsystem_darwin.dylib
0x00007fff2a746000 	/usr/lib/system/libsystem_dnssd.dylib
0x00007fff20422000 	/usr/lib/system/libsystem_featureflags.dylib
0x00007fff2059d000 	/usr/lib/system/libsystem_info.dylib
0x00007fff2a69f000 	/usr/lib/system/libsystem_m.dylib
0x00007fff20377000 	/usr/lib/system/libsystem_malloc.dylib
0x00007fff24d2e000 	/usr/lib/system/libsystem_networkextension.dylib
0x00007fff22dd2000 	/usr/lib/system/libsystem_notify.dylib
0x00007fff30041000 	/usr/lib/system/libsystem_product_info_filter.dylib
0x00007fff291fa000 	/usr/lib/system/libsystem_sandbox.dylib
0x00007fff2a73f000 	/usr/lib/system/libsystem_secinit.dylib
0x00007fff2051d000 	/usr/lib/system/libsystem_kernel.dylib
0x00007fff20593000 	/usr/lib/system/libsystem_platform.dylib
0x00007fff2054c000 	/usr/lib/system/libsystem_pthread.dylib
0x00007fff26499000 	/usr/lib/system/libsystem_symptoms.dylib
0x00007fff202bf000 	/usr/lib/system/libsystem_trace.dylib
0x00007fff2a716000 	/usr/lib/system/libunwind.dylib
0x00007fff20289000 	/usr/lib/system/libxpc.dylib
0x00007fff20504000 	/usr/lib/libc++abi.dylib
0x00007fff2a721000 	/usr/lib/liboah.dylib
0x00007fff2add7000 	/usr/lib/liblzma.5.dylib
0x00007fff2108a000 	/System/Library/Frameworks/SystemConfiguration.framework/Versions/A/SystemConfiguration
0x00007fff2a756000 	/usr/lib/libfakelink.dylib
0x00007fff24890000 	/System/Library/Frameworks/CFNetwork.framework/Versions/A/CFNetwork
0x00007fff2a896000 	/usr/lib/libarchive.2.dylib
0x00007fff21108000 	/usr/lib/libCRFSuite.dylib
0x00007fff29f29000 	/usr/lib/libbsm.0.dylib
0x00007fff2424c000 	/usr/lib/libnetwork.dylib
0x00007fff2a75b000 	/usr/lib/libpcap.A.dylib
0x00007fff26492000 	/usr/lib/libdns_services.dylib
0x00007fff2adf0000 	/usr/lib/libcoretls_cfhelpers.dylib
0x00007fff2a99a000 	/usr/lib/libapple_nghttp2.dylib
0x00007fff2a6ee000 	/usr/lib/system/libkxld.dylib
0x00007fff260f8000 	/usr/lib/libsqlite3.dylib
0x00007fff2a466000 	/System/Library/PrivateFrameworks/AppleFSCompression.framework/Versions/A/AppleFSCompression
0x00007fff29f11000 	/usr/lib/libcoretls.dylib
0x00007fff2a9c7000 	/usr/lib/libpam.2.dylib
0x00007fff2aeed000 	/usr/lib/libxar.1.dylib
0x00007fff29201000 	/System/Library/PrivateFrameworks/AppleSystemInfo.framework/Versions/A/AppleSystemInfo
0x00007fff29b54000 	/System/Library/PrivateFrameworks/IOMobileFramebuffer.framework/Versions/A/IOMobileFramebuffer
0x00007fff2a476000 	/usr/lib/libbz2.1.0.dylib
0x00007fff2a793000 	/usr/lib/libiconv.2.dylib
0x00007fff2a6e7000 	/usr/lib/libcharset.1.dylib
0x00007fff2735b000 	/System/Library/Frameworks/CoreServices.framework/Versions/A/Frameworks/FSEvents.framework/Versions/A/FSEvents
0x00007fff229c1000 	/System/Library/Frameworks/CoreServices.framework/Versions/A/Frameworks/CarbonCore.framework/Versions/A/CarbonCore
0x00007fff2669b000 	/System/Library/Frameworks/CoreServices.framework/Versions/A/Frameworks/Metadata.framework/Versions/A/Metadata
0x00007fff2a489000 	/System/Library/Frameworks/CoreServices.framework/Versions/A/Frameworks/OSServices.framework/Versions/A/OSServices
0x00007fff2a908000 	/System/Library/Frameworks/CoreServices.framework/Versions/A/Frameworks/SearchKit.framework/Versions/A/SearchKit
0x00007fff2641c000 	/System/Library/Frameworks/CoreServices.framework/Versions/A/Frameworks/AE.framework/Versions/A/AE
0x00007fff20a65000 	/System/Library/Frameworks/CoreServices.framework/Versions/A/Frameworks/LaunchServices.framework/Versions/A/LaunchServices
0x00007fff2ad88000 	/System/Library/Frameworks/CoreServices.framework/Versions/A/Frameworks/DictionaryServices.framework/Versions/A/DictionaryServices
0x00007fff27364000 	/System/Library/Frameworks/CoreServices.framework/Versions/A/Frameworks/SharedFileList.framework/Versions/A/SharedFileList
0x00007fff29f05000 	/usr/lib/libCheckFix.dylib
0x00007fff24db1000 	/System/Library/PrivateFrameworks/TCC.framework/Versions/A/TCC
0x00007fff29207000 	/System/Library/PrivateFrameworks/CoreNLP.framework/Versions/A/CoreNLP
0x00007fff2664e000 	/System/Library/PrivateFrameworks/MetadataUtilities.framework/Versions/A/MetadataUtilities
0x00007fff2113e000 	/usr/lib/libmecabra.dylib
0x00007fff2a218000 	/System/Library/Frameworks/MLCompute.framework/Versions/A/MLCompute
0x00007fff29f3a000 	/usr/lib/libmecab.dylib
0x00007fff29f84000 	/usr/lib/libgermantok.dylib
0x00007fff2a970000 	/usr/lib/libThaiTokenizer.dylib
0x00007fff2af28000 	/usr/lib/libChineseTokenizer.dylib
0x00007fff2a9c5000 	/System/Library/Frameworks/MetalPerformanceShaders.framework/Versions/A/MetalPerformanceShaders
0x00007fff2673d000 	/System/Library/Frameworks/Accelerate.framework/Versions/A/Frameworks/vImage.framework/Versions/A/vImage
0x00007fff3011c000 	/System/Library/Frameworks/Accelerate.framework/Versions/A/Frameworks/vecLib.framework/Versions/A/vecLib
0x00007fff2af33000 	/System/Library/Frameworks/Accelerate.framework/Versions/A/Frameworks/vecLib.framework/Versions/A/libvMisc.dylib
0x00007fff2996d000 	/System/Library/Frameworks/Accelerate.framework/Versions/A/Frameworks/vecLib.framework/Versions/A/libvDSP.dylib
0x00007fff20d69000 	/System/Library/Frameworks/Accelerate.framework/Versions/A/Frameworks/vecLib.framework/Versions/A/libBLAS.dylib
0x00007fff2a9eb000 	/System/Library/Frameworks/Accelerate.framework/Versions/A/Frameworks/vecLib.framework/Versions/A/libLAPACK.dylib
0x00007fff29f8a000 	/System/Library/Frameworks/Accelerate.framework/Versions/A/Frameworks/vecLib.framework/Versions/A/libLinearAlgebra.dylib
0x00007fff2a9b2000 	/System/Library/Frameworks/Accelerate.framework/Versions/A/Frameworks/vecLib.framework/Versions/A/libSparseBLAS.dylib
0x00007fff2a9e5000 	/System/Library/Frameworks/Accelerate.framework/Versions/A/Frameworks/vecLib.framework/Versions/A/libQuadrature.dylib
0x00007fff292af000 	/System/Library/Frameworks/Accelerate.framework/Versions/A/Frameworks/vecLib.framework/Versions/A/libBNNS.dylib
0x00007fff2101b000 	/System/Library/Frameworks/Accelerate.framework/Versions/A/Frameworks/vecLib.framework/Versions/A/libSparse.dylib
0x00007fff2919a000 	/System/Library/Frameworks/MetalPerformanceShaders.framework/Versions/A/Frameworks/MPSCore.framework/Versions/A/MPSCore
0x00007fff2a3d5000 	/System/Library/Frameworks/MetalPerformanceShaders.framework/Versions/A/Frameworks/MPSImage.framework/Versions/A/MPSImage
0x00007fff29fa0000 	/System/Library/Frameworks/MetalPerformanceShaders.framework/Versions/A/Frameworks/MPSNeuralNetwork.framework/Versions/A/MPSNeuralNetwork
0x00007fff2a360000 	/System/Library/Frameworks/MetalPerformanceShaders.framework/Versions/A/Frameworks/MPSMatrix.framework/Versions/A/MPSMatrix
0x00007fff2a1c8000 	/System/Library/Frameworks/MetalPerformanceShaders.framework/Versions/A/Frameworks/MPSRayIntersector.framework/Versions/A/MPSRayIntersector
0x00007fff2a397000 	/System/Library/Frameworks/MetalPerformanceShaders.framework/Versions/A/Frameworks/MPSNDArray.framework/Versions/A/MPSNDArray
0x00007fff20c95000 	/System/Library/PrivateFrameworks/MetalTools.framework/Versions/A/MetalTools
0x00007fff291ff000 	/System/Library/PrivateFrameworks/AggregateDictionary.framework/Versions/A/AggregateDictionary
0x00007fff26626000 	/System/Library/PrivateFrameworks/CoreAnalytics.framework/Versions/A/CoreAnalytics
0x00007fff2a972000 	/System/Library/PrivateFrameworks/AppleSauce.framework/Versions/A/AppleSauce
0x00007fff2850c000 	/System/Library/PrivateFrameworks/IOAccelerator.framework/Versions/A/IOAccelerator
0x00007fff6caa1000 	/System/Library/Frameworks/OpenGL.framework/Versions/A/Libraries/libCoreFSCache.dylib
0x00007fff216da000 	/System/Library/PrivateFrameworks/LanguageModeling.framework/Versions/A/LanguageModeling
0x00007fff29b41000 	/System/Library/PrivateFrameworks/CoreEmoji.framework/Versions/A/CoreEmoji
0x00007fff292a8000 	/System/Library/PrivateFrameworks/LinguisticData.framework/Versions/A/LinguisticData
0x00007fff20fcd000 	/System/Library/PrivateFrameworks/Lexicon.framework/Versions/A/Lexicon
0x00007fff2a884000 	/usr/lib/libcmph.dylib
0x00007fff2733b000 	/System/Library/Frameworks/OpenDirectory.framework/Versions/A/Frameworks/CFOpenDirectory.framework/Versions/A/CFOpenDirectory
0x00007fff2732b000 	/System/Library/Frameworks/OpenDirectory.framework/Versions/A/OpenDirectory
0x00007fff2adf2000 	/System/Library/PrivateFrameworks/APFS.framework/Versions/A/APFS
0x00007fff29e66000 	/System/Library/Frameworks/SecurityFoundation.framework/Versions/A/SecurityFoundation
0x00007fff2aefb000 	/usr/lib/libutil.dylib
0x00007fff22ce8000 	/System/Library/PrivateFrameworks/CoreServicesStore.framework/Versions/A/CoreServicesStore
0x00007fff29efd000 	/System/Library/Frameworks/ServiceManagement.framework/Versions/A/ServiceManagement
0x00007fff2aeff000 	/usr/lib/libxslt.1.dylib
0x00007fff29ef3000 	/System/Library/PrivateFrameworks/BackgroundTaskManagement.framework/Versions/A/BackgroundTaskManagement
0x00007fff2bef4000 	/System/Library/Frameworks/ImageIO.framework/Versions/A/Resources/libRadiance.dylib
0x00007fff2befe000 	/System/Library/Frameworks/ImageIO.framework/Versions/A/Resources/libJPEG.dylib
0x00007fff2be49000 	/System/Library/Frameworks/ImageIO.framework/Versions/A/Resources/libPng.dylib
0x00007fff2be70000 	/System/Library/Frameworks/ImageIO.framework/Versions/A/Resources/libTIFF.dylib
0x00007fff2bf53000 	/System/Library/Frameworks/ImageIO.framework/Versions/A/Resources/libGIF.dylib
0x00007fff2bbac000 	/System/Library/Frameworks/ImageIO.framework/Versions/A/Resources/libJP2.dylib
0x00007fff2b296000 	/usr/lib/libexpat.1.dylib
0x00007fff2bb61000 	/System/Library/PrivateFrameworks/AppleJPEG.framework/Versions/A/AppleJPEG
0x00007fff28742000 	/System/Library/PrivateFrameworks/FontServices.framework/libFontParser.dylib
0x00007fff263d0000 	/System/Library/PrivateFrameworks/RunningBoardServices.framework/Versions/A/RunningBoardServices
0x00007fff2bc8b000 	/System/Library/PrivateFrameworks/WatchdogClient.framework/Versions/A/WatchdogClient
0x00007fff217c7000 	/System/Library/Frameworks/CoreDisplay.framework/Versions/A/CoreDisplay
0x00007fff28658000 	/System/Library/Frameworks/CoreMedia.framework/Versions/A/CoreMedia
0x00007fff274b8000 	/System/Library/Frameworks/CoreVideo.framework/Versions/A/CoreVideo
0x00007fff2bcc3000 	/System/Library/Frameworks/VideoToolbox.framework/Versions/A/VideoToolbox
0x00007fff2634e000 	/System/Library/PrivateFrameworks/BaseBoard.framework/Versions/A/BaseBoard
0x00007fff2b3db000 	/System/Library/PrivateFrameworks/PersistentConnection.framework/Versions/A/PersistentConnection
0x00007fff260e1000 	/System/Library/PrivateFrameworks/ProtocolBuffer.framework/Versions/A/ProtocolBuffer
0x00007fff26335000 	/System/Library/PrivateFrameworks/CommonUtilities.framework/Versions/A/CommonUtilities
0x00007fff2baf6000 	/System/Library/PrivateFrameworks/Bom.framework/Versions/A/Bom
0x00007fff2beed000 	/System/Library/PrivateFrameworks/GPUWrangler.framework/Versions/A/GPUWrangler
0x00007fff2bed0000 	/System/Library/PrivateFrameworks/IOPresentment.framework/Versions/A/IOPresentment
0x00007fff2bef8000 	/System/Library/PrivateFrameworks/DSExternalDisplay.framework/Versions/A/DSExternalDisplay
0x00007fff2bf58000 	/System/Library/PrivateFrameworks/CMCaptureCore.framework/Versions/A/CMCaptureCore
0x00007fff2b87b000 	/System/Library/PrivateFrameworks/AppServerSupport.framework/Versions/A/AppServerSupport
0x00007fff2d92c000 	/System/Library/PrivateFrameworks/perfdata.framework/Versions/A/perfdata
0x00007fff29e55000 	/System/Library/PrivateFrameworks/AssertionServices.framework/Versions/A/AssertionServices
0x00007fff218fe000 	/System/Library/PrivateFrameworks/AudioToolboxCore.framework/Versions/A/AudioToolboxCore
0x00007fff2863b000 	/System/Library/PrivateFrameworks/caulk.framework/Versions/A/caulk
0x00007fff3d5d7000 	/System/Library/PrivateFrameworks/SystemPolicy.framework/Versions/A/SystemPolicy
0x00007fff2b08b000 	/usr/lib/libIOReport.dylib
0x00007fff2d14e000 	/usr/lib/libSMC.dylib
0x00007fff2be16000 	/usr/lib/libAudioToolboxUtility.dylib
0x00007fff3df41000 	/usr/lib/libmis.dylib
0x00007fff6cafd000 	/System/Library/Frameworks/OpenGL.framework/Versions/A/Libraries/libGLU.dylib
0x00007fff6cac0000 	/System/Library/Frameworks/OpenGL.framework/Versions/A/Libraries/libGFXShared.dylib
0x00007fff6cccf000 	/System/Library/Frameworks/OpenGL.framework/Versions/A/Libraries/libGL.dylib
0x00007fff6cac9000 	/System/Library/Frameworks/OpenGL.framework/Versions/A/Libraries/libGLImage.dylib
0x00007fff6cabd000 	/System/Library/Frameworks/OpenGL.framework/Versions/A/Libraries/libCVMSPluginSupport.dylib
0x00007fff6caa8000 	/System/Library/Frameworks/OpenGL.framework/Versions/A/Libraries/libCoreVMClient.dylib
0x00007fff6e110000 	/System/Library/Frameworks/OpenCL.framework/Versions/A/OpenCL
0x00007fff2b405000 	/System/Library/PrivateFrameworks/GraphVisualizer.framework/Versions/A/GraphVisualizer
0x00007fff2b414000 	/System/Library/PrivateFrameworks/FaceCore.framework/Versions/A/FaceCore
0x00007fff2b830000 	/System/Library/PrivateFrameworks/OTSVG.framework/Versions/A/OTSVG
0x00007fff270af000 	/System/Library/Frameworks/ApplicationServices.framework/Versions/A/Frameworks/ATS.framework/Versions/A/Resources/libFontRegistry.dylib
0x00007fff2b882000 	/System/Library/PrivateFrameworks/FontServices.framework/libhvf.dylib
0x00007fff2b242000 	/System/Library/PrivateFrameworks/AppleVA.framework/Versions/A/AppleVA
0x00007fff2cf97000 	/System/Library/Frameworks/ApplicationServices.framework/Versions/A/Frameworks/ATS.framework/Versions/A/ATS
0x00007fff2d2a9000 	/System/Library/Frameworks/ApplicationServices.framework/Versions/A/Frameworks/ColorSyncLegacy.framework/Versions/A/ColorSyncLegacy
0x00007fff258bb000 	/System/Library/Frameworks/ApplicationServices.framework/Versions/A/Frameworks/HIServices.framework/Versions/A/HIServices
0x00007fff2d28e000 	/System/Library/Frameworks/ApplicationServices.framework/Versions/A/Frameworks/LangAnalysis.framework/Versions/A/LangAnalysis
0x00007fff2bf62000 	/System/Library/Frameworks/ApplicationServices.framework/Versions/A/Frameworks/PrintCore.framework/Versions/A/PrintCore
0x00007fff2d2b1000 	/System/Library/Frameworks/ApplicationServices.framework/Versions/A/Frameworks/QD.framework/Versions/A/QD
0x00007fff2cf87000 	/System/Library/Frameworks/ApplicationServices.framework/Versions/A/Frameworks/SpeechSynthesis.framework/Versions/A/SpeechSynthesis
0x00007fff2bf23000 	/System/Library/Frameworks/ApplicationServices.framework/Versions/A/Frameworks/ATSUI.framework/Versions/A/ATSUI
0x00007fff2d22e000 	/usr/lib/libcups.2.dylib
0x00007fff2d29e000 	/System/Library/PrivateFrameworks/NetAuth.framework/Versions/A/NetAuth
0x00007fff2d948000 	/System/Library/Frameworks/Kerberos.framework/Versions/A/Kerberos
0x00007fff2d958000 	/System/Library/Frameworks/GSS.framework/Versions/A/GSS
0x00007fff2d003000 	/usr/lib/libresolv.9.dylib
0x00007fff2b897000 	/System/Library/PrivateFrameworks/Heimdal.framework/Versions/A/Heimdal
0x00007fff336dc000 	/System/Library/Frameworks/Kerberos.framework/Versions/A/Libraries/libHeimdalProxy.dylib
0x00007fff264a1000 	/System/Library/Frameworks/Network.framework/Versions/A/Network
0x00007fff2b2b0000 	/usr/lib/libheimdal-asn1.dylib
0x00007fff2d9a8000 	/System/Library/PrivateFrameworks/CommonAuth.framework/Versions/A/CommonAuth
0x00007fff27505000 	/System/Library/PrivateFrameworks/login.framework/Versions/A/Frameworks/loginsupport.framework/Versions/A/loginsupport
0x00007fff2cf0c000 	/System/Library/PrivateFrameworks/AudioSession.framework/Versions/A/AudioSession
0x00007fff2cf74000 	/usr/lib/libAudioStatistics.dylib
0x00007fff2b33d000 	/System/Library/PrivateFrameworks/MediaExperience.framework/Versions/A/MediaExperience
0x00007fff2cda9000 	/System/Library/PrivateFrameworks/AudioSession.framework/libSessionUtility.dylib
0x00007fff2d939000 	/usr/lib/libperfcheck.dylib
0x00007fff2d2bd000 	/System/Library/PrivateFrameworks/AudioResourceArbitration.framework/Versions/A/AudioResourceArbitration
0x00007fff2b2ba000 	/System/Library/PrivateFrameworks/IconFoundation.framework/Versions/A/IconFoundation
0x00007fff2fde6000 	/System/Library/PrivateFrameworks/SpeechRecognitionCore.framework/Versions/A/SpeechRecognitionCore
0x0000000109000000 	/Library/Java/JavaVirtualMachines/jdk-11.0.11.jdk/Contents/Home/lib/server/libjvm.dylib
0x0000000104e64000 	/Library/Java/JavaVirtualMachines/jdk-11.0.11.jdk/Contents/Home/lib/libverify.dylib
0x0000000104e74000 	/Library/Java/JavaVirtualMachines/jdk-11.0.11.jdk/Contents/Home/lib/libjava.dylib
0x0000000104ea1000 	/Library/Java/JavaVirtualMachines/jdk-11.0.11.jdk/Contents/Home/lib/libjimage.dylib
0x0000000104ef7000 	/Library/Java/JavaVirtualMachines/jdk-11.0.11.jdk/Contents/Home/lib/libzip.dylib
0x000000010e7fb000 	/Library/Java/JavaVirtualMachines/jdk-11.0.11.jdk/Contents/Home/lib/libnio.dylib
0x000000010e80d000 	/Library/Java/JavaVirtualMachines/jdk-11.0.11.jdk/Contents/Home/lib/libnet.dylib
0x000000010e826000 	/Library/Java/JavaVirtualMachines/jdk-11.0.11.jdk/Contents/Home/lib/libsunec.dylib
0x000000010ec4f000 	/Users/justinkwan/Library/Application Support/Code/User/globalStorage/redhat.java/0.80.0/config_ss_mac/org.eclipse.equinox.launcher/org.eclipse.equinox.launcher.cocoa.macosx.x86_64_1.2.300.v20210617-0451/eclipse_11501.so
0x00007fff22ca9000 	/System/Library/PrivateFrameworks/CoreServicesInternal.framework/Versions/A/CoreServicesInternal
0x00007fff312cc000 	/System/Library/Frameworks/FileProvider.framework/Versions/A/FileProvider
0x00007fff262b8000 	/System/Library/Frameworks/Accounts.framework/Versions/A/Accounts
0x00007fff313ed000 	/System/Library/PrivateFrameworks/GenerationalStorage.framework/Versions/A/GenerationalStorage
0x00007fff31db0000 	/System/Library/PrivateFrameworks/CoreSymbolication.framework/Versions/A/CoreSymbolication
0x00007fff30ceb000 	/System/Library/PrivateFrameworks/SymptomDiagnosticReporter.framework/Versions/A/SymptomDiagnosticReporter
0x00007fff2e5f1000 	/System/Library/PrivateFrameworks/AppContainer.framework/Versions/A/AppContainer
0x00007fff23df5000 	/System/Library/PrivateFrameworks/DesktopServicesPriv.framework/Versions/A/DesktopServicesPriv
0x00007fff22dde000 	/usr/lib/libsandbox.1.dylib
0x00007fff27531000 	/System/Library/PrivateFrameworks/UserManagement.framework/Versions/A/UserManagement
0x00007fff29e32000 	/System/Library/PrivateFrameworks/MobileKeyBag.framework/Versions/A/MobileKeyBag
0x00007fff34746000 	/System/Library/PrivateFrameworks/ChunkingLibrary.framework/Versions/A/ChunkingLibrary
0x00007fff31d73000 	/System/Library/PrivateFrameworks/DebugSymbols.framework/Versions/A/DebugSymbols
0x00007fff2e606000 	/System/Library/PrivateFrameworks/SecCodeWrapper.framework/Versions/A/SecCodeWrapper
0x00007fff2b093000 	/System/Library/PrivateFrameworks/CrashReporterSupport.framework/Versions/A/CrashReporterSupport
0x00007fff484ca000 	/System/Library/PrivateFrameworks/OSAnalytics.framework/Versions/A/OSAnalytics
0x00007fff782d5000 	/usr/lib/libRosetta.dylib
0x00007fff33127000 	/System/Library/PrivateFrameworks/RemoteServiceDiscovery.framework/Versions/A/RemoteServiceDiscovery
0x00007fff524a2000 	/System/Library/PrivateFrameworks/Symbolication.framework/Versions/A/Symbolication
0x00007fff33137000 	/System/Library/PrivateFrameworks/RemoteXPC.framework/Versions/A/RemoteXPC
0x00007fff39642000 	/System/Library/PrivateFrameworks/OSAServicesClient.framework/Versions/A/OSAServicesClient
0x00007fff3df20000 	/System/Library/PrivateFrameworks/MallocStackLogging.framework/Versions/A/MallocStackLogging
0x00007fff2e388000 	/System/Library/PrivateFrameworks/Sharing.framework/Versions/A/Sharing
0x00007fff32d04000 	/System/Library/PrivateFrameworks/Apple80211.framework/Versions/A/Apple80211
0x00007fff2a4b7000 	/System/Library/PrivateFrameworks/AuthKit.framework/Versions/A/AuthKit
0x00007fff29c32000 	/System/Library/PrivateFrameworks/CoreUtils.framework/Versions/A/CoreUtils
0x00007fff29b5f000 	/System/Library/Frameworks/CoreWLAN.framework/Versions/A/CoreWLAN
0x00007fff2e4d0000 	/System/Library/Frameworks/IOBluetooth.framework/Versions/A/IOBluetooth
0x00007fff32d68000 	/System/Library/PrivateFrameworks/CoreWiFi.framework/Versions/A/CoreWiFi
0x00007fff2da30000 	/System/Library/PrivateFrameworks/CorePhoneNumbers.framework/Versions/A/CorePhoneNumbers
0x00007fff30df3000 	/System/Library/PrivateFrameworks/DiskManagement.framework/Versions/A/DiskManagement
0x00007fff30d09000 	/System/Library/PrivateFrameworks/AppleIDAuthSupport.framework/Versions/A/AppleIDAuthSupport
0x00007fff2da0d000 	/System/Library/PrivateFrameworks/KeychainCircle.framework/Versions/A/KeychainCircle
0x00007fff30dbf000 	/System/Library/PrivateFrameworks/MediaKit.framework/Versions/A/MediaKit
0x00007fff30d16000 	/System/Library/Frameworks/DiscRecording.framework/Versions/A/DiscRecording
0x00007fff2b1b6000 	/usr/lib/libCoreStorage.dylib
0x00007fff331a2000 	/usr/lib/libcsfde.dylib
0x00007fff2e60a000 	/System/Library/PrivateFrameworks/ProtectedCloudStorage.framework/Versions/A/ProtectedCloudStorage
0x00007fff3319a000 	/System/Library/PrivateFrameworks/EFILogin.framework/Versions/A/EFILogin
0x00007fff3378f000 	/System/Library/Frameworks/AudioUnit.framework/Versions/A/AudioUnit
0x00007fff30c88000 	/System/Library/Frameworks/CoreBluetooth.framework/Versions/A/CoreBluetooth
0x00007fff2b1ae000 	/usr/lib/libMatch.1.dylib
0x00007fff27233000 	/System/Library/PrivateFrameworks/ViewBridge.framework/Versions/A/ViewBridge


VM Arguments:
jvm_args: --add-modules=ALL-SYSTEM --add-opens=java.base/java.util=ALL-UNNAMED --add-opens=java.base/java.lang=ALL-UNNAMED -Declipse.application=org.eclipse.jdt.ls.core.id1 -Dosgi.bundles.defaultStartLevel=4 -Declipse.product=org.eclipse.jdt.ls.core.product -Dfile.encoding=utf8 -XX:+UseParallelGC -XX:GCTimeRatio=4 -XX:AdaptiveSizePolicyWeight=90 -Dsun.zip.disableMemoryMapping=true -Xmx1G -Xms100m -Xverify:none 
java_command: /Users/justinkwan/.vscode/extensions/redhat.java-0.80.0/server/plugins/org.eclipse.equinox.launcher_1.6.200.v20210416-2027.jar -configuration /Users/justinkwan/Library/Application Support/Code/User/globalStorage/redhat.java/0.80.0/config_ss_mac -data /Users/justinkwan/Library/Application Support/Code/User/workspaceStorage/9cbfda3d3fdc6cd9039e166bcfe816c3/redhat.java/ss_ws
java_class_path (initial): /Users/justinkwan/.vscode/extensions/redhat.java-0.80.0/server/plugins/org.eclipse.equinox.launcher_1.6.200.v20210416-2027.jar
Launcher Type: SUN_STANDARD

[Global flags]
    uintx AdaptiveSizePolicyWeight                 = 90                                        {product} {command line}
     bool BytecodeVerificationLocal                = false                                     {product} {command line}
     bool BytecodeVerificationRemote               = false                                     {product} {command line}
     intx CICompilerCount                          = 4                                         {product} {ergonomic}
    uintx GCTimeRatio                              = 4                                         {product} {command line}
   size_t InitialHeapSize                          = 104857600                                 {product} {command line}
   size_t MaxHeapSize                              = 1073741824                                {product} {command line}
   size_t MaxNewSize                               = 357564416                                 {product} {ergonomic}
   size_t MinHeapDeltaBytes                        = 524288                                    {product} {ergonomic}
   size_t NewSize                                  = 34603008                                  {product} {ergonomic}
    uintx NonNMethodCodeHeapSize                   = 5836300                                {pd product} {ergonomic}
    uintx NonProfiledCodeHeapSize                  = 122910970                              {pd product} {ergonomic}
   size_t OldSize                                  = 70254592                                  {product} {ergonomic}
    uintx ProfiledCodeHeapSize                     = 122910970                              {pd product} {ergonomic}
    uintx ReservedCodeCacheSize                    = 251658240                              {pd product} {ergonomic}
     bool SegmentedCodeCache                       = true                                      {product} {ergonomic}
     bool UseCompressedClassPointers               = true                                 {lp64_product} {ergonomic}
     bool UseCompressedOops                        = true                                 {lp64_product} {ergonomic}
     bool UseParallelGC                            = true                                      {product} {command line}

Logging:
Log output configuration:
 #0: stdout all=warning uptime,level,tags
 #1: stderr all=off uptime,level,tags

Environment Variables:
PATH=/usr/local/bin:/usr/bin:/bin:/usr/sbin:/sbin:/Users/justinkwan/.cargo/bin
SHELL=/bin/zsh

Signal Handlers:
SIGSEGV: [libjvm.dylib+0x796aba], sa_mask[0]=11111111011111110111111111111111, sa_flags=SA_ONSTACK|SA_RESTART|SA_SIGINFO
SIGBUS: [libjvm.dylib+0x796aba], sa_mask[0]=11111111011111110111111111111111, sa_flags=SA_RESTART|SA_SIGINFO
SIGFPE: [libjvm.dylib+0x796aba], sa_mask[0]=11111111011111110111111111111111, sa_flags=SA_RESTART|SA_SIGINFO
SIGPIPE: [libjvm.dylib+0x6487c0], sa_mask[0]=11111111011111110111111111111111, sa_flags=SA_RESTART|SA_SIGINFO
SIGXFSZ: [libjvm.dylib+0x6487c0], sa_mask[0]=11111111011111110111111111111111, sa_flags=SA_RESTART|SA_SIGINFO
SIGILL: [libjvm.dylib+0x796aba], sa_mask[0]=11111111011111110111111111111111, sa_flags=SA_RESTART|SA_SIGINFO
SIGUSR2: [libjvm.dylib+0x648d94], sa_mask[0]=00000000000000000000000000000000, sa_flags=SA_RESTART|SA_SIGINFO
SIGHUP: [libjvm.dylib+0x647855], sa_mask[0]=11111111011111110111111111111111, sa_flags=SA_RESTART|SA_SIGINFO
SIGINT: [libjvm.dylib+0x647855], sa_mask[0]=11111111011111110111111111111111, sa_flags=SA_RESTART|SA_SIGINFO
SIGTERM: [libjvm.dylib+0x647855], sa_mask[0]=11111111011111110111111111111111, sa_flags=SA_RESTART|SA_SIGINFO
SIGQUIT: [libjvm.dylib+0x647855], sa_mask[0]=11111111011111110111111111111111, sa_flags=SA_RESTART|SA_SIGINFO


---------------  S Y S T E M  ---------------

OS:uname:Darwin 20.3.0 Darwin Kernel Version 20.3.0: Thu Jan 21 00:07:06 PST 2021; root:xnu-7195.81.3~1/RELEASE_X86_64 x86_64
rlimit: STACK 8192k, CORE 0k, NPROC 1392, NOFILE 10240, AS infinity, DATA infinity, FSIZE infinity
load average:60.15 17.03 8.44

CPU:total 8 (initial active 8) (4 cores per cpu, 2 threads per core) family 6 model 142 stepping 10 microcode 0xe0, cmov, cx8, fxsr, mmx, sse, sse2, sse3, ssse3, sse4.1, sse4.2, popcnt, avx, avx2, aes, clmul, erms, 3dnowpref, lzcnt, ht, tsc, tscinvbit, bmi1, bmi2, adx, fma

Memory: 4k page, physical 8388608k(353064k free)

vm_info: Java HotSpot(TM) 64-Bit Server VM (11.0.11+9-LTS-194) for bsd-amd64 JRE (11.0.11+9-LTS-194), built on Mar 18 2021 18:02:06 by "mach5one" with gcc 4.2.1 Compatible Apple LLVM 11.0.0 (clang-1100.0.33.17)

END.
